2026-03-11 07:28:06.327 INFO  [d.d.modelo.datos.GestorConexiones] - Driver MySQL registrado correctamente
2026-03-11 07:28:06.503 ERROR [d.d.modelo.datos.GestorConexiones] - Error al verificar la BD: Communications link failure

The last packet sent successfully to the server was 0 milliseconds ago. The driver has not received any packets from the server.
2026-03-11 07:28:06.506 ERROR [dev.danipraivet.vista.Aplicacion] - No se pudo conectar a la base de datos. Comprueba la configuracion.
2026-03-11 07:28:20.752 INFO  [dev.danipraivet.vista.Aplicacion] - Cerrando aplicacion y liberando conexiones...
2026-03-11 07:28:20.754 INFO  [d.d.modelo.datos.GestorConexiones] - Pool cerrado. 0 conexiones liberadas.
2026-03-11 07:28:25.289 INFO  [d.d.modelo.datos.GestorConexiones] - Driver MySQL registrado correctamente
2026-03-11 07:28:25.583 INFO  [d.d.modelo.datos.GestorConexiones] - Conexion a la BD verificada
2026-03-11 07:28:26.007 INFO  [dev.danipraivet.vista.Aplicacion] - Navegando a vista: Login
2026-03-11 07:28:26.383 INFO  [dev.danipraivet.vista.Aplicacion] - Aplicacion iniciada correctamente
2026-03-11 07:28:54.097 WARN  [d.d.m.r.i.RepositorioEmpleado] - Error registrando login exitoso para 'cgarcia': UPDATE command denied to user 'empleado'@'172.17.0.1' for table 'empleados'
2026-03-11 07:28:54.099 INFO  [d.d.m.servicio.ServicioAutenticacion] - Login exitoso - usuario: 'cgarcia', rol: Administrador
2026-03-11 07:28:54.100 INFO  [d.d.controlador.ControladorLogin] - Redirigiendo a vista para rol: Administrador
2026-03-11 07:28:54.982 INFO  [dev.danipraivet.vista.Aplicacion] - Navegando a vista: Admin
2026-03-11 07:29:00.492 INFO  [d.d.controlador.ControladorAdmin] - Busqueda de fichajes: 12 registros encontrados
2026-03-11 07:29:13.193 WARN  [d.d.m.r.i.RepositorioFichaje] - Fichaje eliminado ID: 10
2026-03-11 07:29:13.945 INFO  [d.d.controlador.ControladorAdmin] - Busqueda de fichajes: 11 registros encontrados
2026-03-11 07:29:16.441 WARN  [d.d.m.r.i.RepositorioFichaje] - Fichaje eliminado ID: 12
2026-03-11 07:29:17.103 INFO  [d.d.controlador.ControladorAdmin] - Busqueda de fichajes: 10 registros encontrados
2026-03-11 07:29:25.573 INFO  [dev.danipraivet.vista.Aplicacion] - Cerrando aplicacion y liberando conexiones...
2026-03-11 07:29:25.576 INFO  [d.d.modelo.datos.GestorConexiones] - Pool cerrado. 2 conexiones liberadas.
2026-03-11 07:29:39.044 INFO  [d.d.modelo.datos.GestorConexiones] - Driver MySQL registrado correctamente
2026-03-11 07:29:39.247 INFO  [d.d.modelo.datos.GestorConexiones] - Conexion a la BD verificada
2026-03-11 07:29:39.640 INFO  [dev.danipraivet.vista.Aplicacion] - Navegando a vista: Login
2026-03-11 07:29:40.029 INFO  [dev.danipraivet.vista.Aplicacion] - Aplicacion iniciada correctamente
2026-03-11 07:31:30.969 WARN  [d.d.m.r.i.RepositorioEmpleado] - Error registrando login exitoso para 'cgarcia': UPDATE command denied to user 'empleado'@'172.17.0.1' for table 'empleados'
2026-03-11 07:31:30.969 INFO  [d.d.m.servicio.ServicioAutenticacion] - Login exitoso - usuario: 'cgarcia', rol: Administrador
2026-03-11 07:31:30.970 INFO  [d.d.controlador.ControladorLogin] - Redirigiendo a vista para rol: Administrador
2026-03-11 07:31:31.813 INFO  [dev.danipraivet.vista.Aplicacion] - Navegando a vista: Admin
2026-03-11 08:42:46.776 INFO  [dev.danipraivet.vista.Aplicacion] - Cerrando aplicacion y liberando conexiones...
2026-03-11 08:42:46.782 INFO  [d.d.modelo.datos.GestorConexiones] - Pool cerrado. 2 conexiones liberadas.
2026-03-11 10:06:07.873 INFO  [d.d.modelo.datos.GestorConexiones] - Driver MySQL registrado correctamente
2026-03-11 10:06:08.035 INFO  [d.d.modelo.datos.GestorConexiones] - Conexion a la BD verificada
2026-03-11 10:06:08.582 INFO  [dev.danipraivet.vista.Aplicacion] - Navegando a vista: Login
2026-03-11 10:06:08.847 INFO  [dev.danipraivet.vista.Aplicacion] - Aplicacion iniciada correctamente
2026-03-11 10:06:24.854 WARN  [d.d.m.r.i.RepositorioEmpleado] - Error registrando login exitoso para 'alopez': UPDATE command denied to user 'empleado'@'172.17.0.1' for table 'empleados'
2026-03-11 10:06:24.854 INFO  [d.d.m.servicio.ServicioAutenticacion] - Login exitoso - usuario: 'alopez', rol: Empleado
2026-03-11 10:06:24.855 INFO  [d.d.controlador.ControladorLogin] - Redirigiendo a vista para rol: Empleado
2026-03-11 10:06:25.184 INFO  [dev.danipraivet.vista.Aplicacion] - Navegando a vista: Empleado
2026-03-11 10:06:39.391 INFO  [d.d.m.r.i.RepositorioFichaje] - Fichaje registrado - empleado: 1004 - ENTRADA
2026-03-11 10:06:39.392 INFO  [d.d.modelo.servicio.ServicioFichaje] - Fichaje - empleado 1004 - Entrada registrada correctamente
2026-03-11 10:06:39.392 INFO  [d.d.controlador.ControladorEmpleado] - Fichaje realizado: Entrada registrada correctamente
2026-03-11 10:11:45.961 INFO  [d.d.m.servicio.ServicioAutenticacion] - Logout - usuario: 'alopez'
2026-03-11 10:11:46.041 INFO  [dev.danipraivet.vista.Aplicacion] - Navegando a vista: Login
2026-03-11 10:16:09.701 WARN  [d.d.m.r.i.RepositorioEmpleado] - Error registrando login exitoso para 'alopez': UPDATE command denied to user 'empleado'@'172.17.0.1' for table 'empleados'
2026-03-11 10:16:09.701 INFO  [d.d.m.servicio.ServicioAutenticacion] - Login exitoso - usuario: 'alopez', rol: Empleado
2026-03-11 10:16:09.701 INFO  [d.d.controlador.ControladorLogin] - Redirigiendo a vista para rol: Empleado
2026-03-11 10:16:09.795 INFO  [dev.danipraivet.vista.Aplicacion] - Navegando a vista: Empleado
2026-03-11 11:33:44.256 INFO  [d.d.modelo.datos.GestorConexiones] - Driver MySQL registrado correctamente
2026-03-11 11:33:44.409 INFO  [d.d.modelo.datos.GestorConexiones] - Conexion a la BD verificada
2026-03-11 11:33:44.759 INFO  [dev.danipraivet.vista.Aplicacion] - Navegando a vista: Login
2026-03-11 11:33:45.005 INFO  [dev.danipraivet.vista.Aplicacion] - Aplicacion iniciada correctamente
2026-03-11 11:34:10.578 INFO  [d.d.modelo.datos.GestorConexiones] - Driver MySQL registrado correctamente
2026-03-11 11:34:10.730 INFO  [d.d.modelo.datos.GestorConexiones] - Conexion a la BD verificada
2026-03-11 11:34:11.068 INFO  [dev.danipraivet.vista.Aplicacion] - Navegando a vista: Login
2026-03-11 11:34:11.338 INFO  [dev.danipraivet.vista.Aplicacion] - Aplicacion iniciada correctamente
2026-03-11 11:34:48.909 INFO  [d.d.modelo.datos.GestorConexiones] - Driver MySQL registrado correctamente
2026-03-11 11:34:49.053 INFO  [d.d.modelo.datos.GestorConexiones] - Conexion a la BD verificada
2026-03-11 11:34:49.400 INFO  [dev.danipraivet.vista.Aplicacion] - Navegando a vista: Login
2026-03-11 11:34:49.656 INFO  [dev.danipraivet.vista.Aplicacion] - Aplicacion iniciada correctamente
2026-03-11 11:36:49.606 INFO  [d.d.modelo.datos.GestorConexiones] - Driver MySQL registrado correctamente
2026-03-11 11:36:49.767 INFO  [d.d.modelo.datos.GestorConexiones] - Conexion a la BD verificada
2026-03-11 11:36:50.120 INFO  [dev.danipraivet.vista.Aplicacion] - Navegando a vista: Login
2026-03-11 11:36:50.439 INFO  [dev.danipraivet.vista.Aplicacion] - Aplicacion iniciada correctamente
2026-03-11 11:37:19.317 WARN  [d.d.m.r.i.RepositorioEmpleado] - Error registrando login exitoso para 'cgarcia': UPDATE command denied to user 'empleado'@'172.17.0.1' for table 'empleados'
2026-03-11 11:37:19.318 INFO  [d.d.m.servicio.ServicioAutenticacion] - Login exitoso - usuario: 'cgarcia', rol: Administrador
2026-03-11 11:37:19.318 INFO  [d.d.controlador.ControladorLogin] - Redirigiendo a vista para rol: Administrador
2026-03-11 11:37:19.883 INFO  [dev.danipraivet.vista.Aplicacion] - Navegando a vista: Admin
2026-03-11 11:37:25.434 INFO  [d.d.m.servicio.ServicioAutenticacion] - Logout - usuario: 'cgarcia'
2026-03-11 11:37:25.502 INFO  [dev.danipraivet.vista.Aplicacion] - Navegando a vista: Login
2026-03-11 11:37:34.711 WARN  [d.d.m.r.i.RepositorioEmpleado] - Error registrando login exitoso para 'mmartinez': UPDATE command denied to user 'empleado'@'172.17.0.1' for table 'empleados'
2026-03-11 11:37:34.711 INFO  [d.d.m.servicio.ServicioAutenticacion] - Login exitoso - usuario: 'mmartinez', rol: Recursos Humanos
2026-03-11 11:37:34.711 INFO  [d.d.controlador.ControladorLogin] - Redirigiendo a vista para rol: Recursos Humanos
2026-03-11 11:37:35.023 INFO  [dev.danipraivet.vista.Aplicacion] - Navegando a vista: RRHH
2026-03-11 11:38:13.503 INFO  [d.d.modelo.servicio.ServicioInformes] - PDF generado correctamente: C:\Users\Rovimatica\Downloads\informe_asistencia_2026-03-11.pdf
2026-03-11 11:38:54.472 INFO  [d.d.modelo.servicio.ServicioInformes] - Excel generado correctamente: C:\Users\Rovimatica\Downloads\informe_asistencia_2026-03-11.xlsx
2026-03-11 12:05:47.329 INFO  [d.d.m.servicio.ServicioAutenticacion] - Logout - usuario: 'mmartinez'
2026-03-11 12:05:47.379 INFO  [dev.danipraivet.vista.Aplicacion] - Navegando a vista: Login
2026-03-11 12:06:06.714 INFO  [dev.danipraivet.vista.Aplicacion] - Cerrando aplicacion y liberando conexiones...
2026-03-11 12:06:06.720 INFO  [d.d.modelo.datos.GestorConexiones] - Pool cerrado. 3 conexiones liberadas.
2026-03-11 12:06:45.458 INFO  [d.d.modelo.datos.GestorConexiones] - Driver MySQL registrado correctamente
2026-03-11 12:06:45.606 INFO  [d.d.modelo.datos.GestorConexiones] - Conexion a la BD verificada
2026-03-11 12:06:45.889 INFO  [dev.danipraivet.vista.Aplicacion] - Navegando a vista: Login
2026-03-11 12:06:46.188 INFO  [dev.danipraivet.vista.Aplicacion] - Aplicacion iniciada correctamente
2026-03-11 12:06:56.553 INFO  [dev.danipraivet.vista.Aplicacion] - Cerrando aplicacion y liberando conexiones...
2026-03-11 12:06:56.554 INFO  [d.d.modelo.datos.GestorConexiones] - Pool cerrado. 0 conexiones liberadas.
2026-03-11 12:39:24.047 INFO  [d.d.modelo.datos.GestorConexiones] - Driver MySQL registrado correctamente
2026-03-11 12:39:24.201 INFO  [d.d.modelo.datos.GestorConexiones] - Conexion a la BD verificada
2026-03-11 12:39:24.533 INFO  [dev.danipraivet.vista.Aplicacion] - Navegando a vista: Login
2026-03-11 12:39:24.815 INFO  [dev.danipraivet.vista.Aplicacion] - Aplicacion iniciada correctamente
2026-03-11 12:39:27.936 INFO  [dev.danipraivet.vista.Aplicacion] - Cerrando aplicacion y liberando conexiones...
2026-03-11 12:39:27.936 INFO  [d.d.modelo.datos.GestorConexiones] - Pool cerrado. 0 conexiones liberadas.
2026-03-11 12:39:49.190 INFO  [d.d.modelo.datos.GestorConexiones] - Driver MySQL registrado correctamente
2026-03-11 12:39:49.346 INFO  [d.d.modelo.datos.GestorConexiones] - Conexion a la BD verificada
2026-03-11 12:39:49.671 INFO  [dev.danipraivet.vista.Aplicacion] - Navegando a vista: Login
2026-03-11 12:39:49.959 INFO  [dev.danipraivet.vista.Aplicacion] - Aplicacion iniciada correctamente
2026-03-11 12:39:52.284 INFO  [dev.danipraivet.vista.Aplicacion] - Cerrando aplicacion y liberando conexiones...
2026-03-11 12:39:52.285 INFO  [d.d.modelo.datos.GestorConexiones] - Pool cerrado. 0 conexiones liberadas.
2026-03-11 12:40:16.972 INFO  [d.d.modelo.datos.GestorConexiones] - Driver MySQL registrado correctamente
2026-03-11 12:40:17.215 INFO  [d.d.modelo.datos.GestorConexiones] - Conexion a la BD verificada
2026-03-11 12:40:17.558 INFO  [dev.danipraivet.vista.Aplicacion] - Navegando a vista: Login
2026-03-11 12:40:17.843 INFO  [dev.danipraivet.vista.Aplicacion] - Aplicacion iniciada correctamente
2026-03-11 12:40:32.731 INFO  [d.d.modelo.datos.GestorConexiones] - Driver MySQL registrado correctamente
2026-03-11 12:40:32.882 INFO  [d.d.modelo.datos.GestorConexiones] - Conexion a la BD verificada
2026-03-11 12:40:33.222 INFO  [dev.danipraivet.vista.Aplicacion] - Navegando a vista: Login
2026-03-11 12:40:33.520 INFO  [dev.danipraivet.vista.Aplicacion] - Aplicacion iniciada correctamente
2026-03-11 13:14:41.126 INFO  [dev.danipraivet.vista.Aplicacion] - Cerrando aplicacion y liberando conexiones...
2026-03-11 13:14:41.128 INFO  [d.d.modelo.datos.GestorConexiones] - Pool cerrado. 0 conexiones liberadas.
2026-03-11 13:18:44.044 INFO  [d.d.modelo.datos.GestorConexiones] - Driver MySQL registrado correctamente
2026-03-11 13:18:44.199 INFO  [d.d.modelo.datos.GestorConexiones] - Conexion a la BD verificada
2026-03-11 13:18:44.524 INFO  [dev.danipraivet.vista.Aplicacion] - Navegando a vista: Login
2026-03-11 13:18:44.807 INFO  [dev.danipraivet.vista.Aplicacion] - Aplicacion iniciada correctamente
2026-03-11 13:20:43.583 INFO  [dev.danipraivet.vista.Aplicacion] - Cerrando aplicacion y liberando conexiones...
2026-03-11 13:20:43.584 INFO  [d.d.modelo.datos.GestorConexiones] - Pool cerrado. 0 conexiones liberadas.
2026-03-11 13:21:33.397 INFO  [d.d.modelo.datos.GestorConexiones] - Driver MySQL registrado correctamente
2026-03-11 13:21:33.621 INFO  [d.d.modelo.datos.GestorConexiones] - Conexion a la BD verificada
2026-03-11 13:21:33.976 INFO  [dev.danipraivet.vista.Aplicacion] - Navegando a vista: Login
2026-03-11 13:21:34.278 INFO  [dev.danipraivet.vista.Aplicacion] - Aplicacion iniciada correctamente
2026-03-11 13:21:40.097 INFO  [dev.danipraivet.vista.Aplicacion] - Cerrando aplicacion y liberando conexiones...
2026-03-11 13:21:40.098 INFO  [d.d.modelo.datos.GestorConexiones] - Pool cerrado. 0 conexiones liberadas.
2026-03-11 13:22:24.873 INFO  [d.d.modelo.datos.GestorConexiones] - Driver MySQL registrado correctamente
2026-03-11 13:22:25.025 INFO  [d.d.modelo.datos.GestorConexiones] - Conexion a la BD verificada
2026-03-11 13:22:25.350 INFO  [dev.danipraivet.vista.Aplicacion] - Navegando a vista: Login
2026-03-11 13:22:25.632 INFO  [dev.danipraivet.vista.Aplicacion] - Aplicacion iniciada correctamente
2026-03-11 13:44:21.775 INFO  [d.d.modelo.datos.GestorConexiones] - Driver MySQL registrado correctamente
2026-03-11 13:44:21.931 INFO  [d.d.modelo.datos.GestorConexiones] - Conexion a la BD verificada
2026-03-11 13:44:22.267 INFO  [dev.danipraivet.vista.Aplicacion] - Navegando a vista: Login
2026-03-11 13:44:22.558 INFO  [dev.danipraivet.vista.Aplicacion] - Aplicacion iniciada correctamente
2026-03-11 13:44:48.167 INFO  [dev.danipraivet.vista.Aplicacion] - Cerrando aplicacion y liberando conexiones...
2026-03-11 13:44:48.167 INFO  [d.d.modelo.datos.GestorConexiones] - Pool cerrado. 0 conexiones liberadas.
2026-03-11 13:44:59.885 INFO  [d.d.modelo.datos.GestorConexiones] - Driver MySQL registrado correctamente
2026-03-11 13:45:00.068 INFO  [d.d.modelo.datos.GestorConexiones] - Conexion a la BD verificada
2026-03-11 13:45:00.418 INFO  [dev.danipraivet.vista.Aplicacion] - Navegando a vista: Login
2026-03-11 13:45:00.726 INFO  [dev.danipraivet.vista.Aplicacion] - Aplicacion iniciada correctamente
2026-03-11 13:45:02.734 INFO  [dev.danipraivet.vista.Aplicacion] - Cerrando aplicacion y liberando conexiones...
2026-03-11 13:45:02.734 INFO  [d.d.modelo.datos.GestorConexiones] - Pool cerrado. 0 conexiones liberadas.
2026-03-11 13:45:10.942 INFO  [d.d.modelo.datos.GestorConexiones] - Driver MySQL registrado correctamente
2026-03-11 13:45:11.093 INFO  [d.d.modelo.datos.GestorConexiones] - Conexion a la BD verificada
2026-03-11 13:45:11.429 INFO  [dev.danipraivet.vista.Aplicacion] - Navegando a vista: Login
2026-03-11 13:45:11.700 INFO  [dev.danipraivet.vista.Aplicacion] - Aplicacion iniciada correctamente
2026-03-11 13:45:28.081 INFO  [dev.danipraivet.vista.Aplicacion] - Cerrando aplicacion y liberando conexiones...
2026-03-11 13:45:28.083 INFO  [d.d.modelo.datos.GestorConexiones] - Pool cerrado. 0 conexiones liberadas.
2026-03-11 13:46:07.440 INFO  [d.d.modelo.datos.GestorConexiones] - Driver MySQL registrado correctamente
2026-03-11 13:46:07.610 INFO  [d.d.modelo.datos.GestorConexiones] - Conexion a la BD verificada
2026-03-11 13:46:08.021 INFO  [dev.danipraivet.vista.Aplicacion] - Navegando a vista: Login
2026-03-11 13:46:08.343 INFO  [dev.danipraivet.vista.Aplicacion] - Aplicacion iniciada correctamente
2026-03-11 13:46:11.291 INFO  [d.d.modelo.datos.GestorConexiones] - Driver MySQL registrado correctamente
2026-03-11 13:46:11.449 INFO  [d.d.modelo.datos.GestorConexiones] - Conexion a la BD verificada
2026-03-11 13:46:11.779 INFO  [dev.danipraivet.vista.Aplicacion] - Navegando a vista: Login
2026-03-11 13:46:12.060 INFO  [dev.danipraivet.vista.Aplicacion] - Aplicacion iniciada correctamente
2026-03-11 13:46:14.785 INFO  [dev.danipraivet.vista.Aplicacion] - Cerrando aplicacion y liberando conexiones...
2026-03-11 13:46:14.785 INFO  [d.d.modelo.datos.GestorConexiones] - Pool cerrado. 0 conexiones liberadas.
2026-03-11 13:47:42.363 INFO  [d.d.modelo.datos.GestorConexiones] - Driver MySQL registrado correctamente
2026-03-11 13:47:42.533 INFO  [d.d.modelo.datos.GestorConexiones] - Conexion a la BD verificada
2026-03-11 13:47:42.872 INFO  [dev.danipraivet.vista.Aplicacion] - Navegando a vista: Login
2026-03-11 13:47:43.145 INFO  [dev.danipraivet.vista.Aplicacion] - Aplicacion iniciada correctamente
2026-03-11 13:47:46.430 INFO  [dev.danipraivet.vista.Aplicacion] - Cerrando aplicacion y liberando conexiones...
2026-03-11 13:47:46.431 INFO  [d.d.modelo.datos.GestorConexiones] - Pool cerrado. 0 conexiones liberadas.
2026-03-11 13:48:21.054 INFO  [d.d.modelo.datos.GestorConexiones] - Driver MySQL registrado correctamente
2026-03-11 13:48:21.205 INFO  [d.d.modelo.datos.GestorConexiones] - Conexion a la BD verificada
2026-03-11 13:48:21.535 INFO  [dev.danipraivet.vista.Aplicacion] - Navegando a vista: Login
2026-03-11 13:48:21.825 INFO  [dev.danipraivet.vista.Aplicacion] - Aplicacion iniciada correctamente
2026-03-11 13:48:38.610 WARN  [d.d.m.r.i.RepositorioEmpleado] - Error registrando login exitoso para 'alopez': UPDATE command denied to user 'empleado'@'172.17.0.1' for table 'empleados'
2026-03-11 13:48:38.611 INFO  [d.d.m.servicio.ServicioAutenticacion] - Login exitoso - usuario: 'alopez', rol: Empleado
2026-03-11 13:48:38.611 INFO  [d.d.controlador.ControladorLogin] - Redirigiendo a vista para rol: Empleado
2026-03-11 13:48:39.035 INFO  [dev.danipraivet.vista.Aplicacion] - Navegando a vista: Empleado
2026-03-11 13:48:41.770 INFO  [d.d.m.r.i.RepositorioFichaje] - Fichaje registrado - empleado: 1004 - SALIDA
2026-03-11 13:48:41.771 INFO  [d.d.modelo.servicio.ServicioFichaje] - Fichaje - empleado 1004 - Salida registrada correctamente
2026-03-11 13:48:41.771 INFO  [d.d.controlador.ControladorEmpleado] - Fichaje realizado: Salida registrada correctamente
2026-03-11 13:48:45.265 INFO  [d.d.m.servicio.ServicioAutenticacion] - Logout - usuario: 'alopez'
2026-03-11 13:48:45.323 INFO  [dev.danipraivet.vista.Aplicacion] - Navegando a vista: Login
2026-03-11 13:48:53.196 WARN  [d.d.m.r.i.RepositorioEmpleado] - Error registrando login exitoso para 'cgarcia': UPDATE command denied to user 'empleado'@'172.17.0.1' for table 'empleados'
2026-03-11 13:48:53.198 INFO  [d.d.m.servicio.ServicioAutenticacion] - Login exitoso - usuario: 'cgarcia', rol: Administrador
2026-03-11 13:48:53.198 INFO  [d.d.controlador.ControladorLogin] - Redirigiendo a vista para rol: Administrador
2026-03-11 13:48:53.727 INFO  [dev.danipraivet.vista.Aplicacion] - Navegando a vista: Admin
2026-03-11 13:48:58.911 INFO  [d.d.m.r.i.RepositorioFichaje] - Fichaje registrado - empleado: 1001 - ENTRADA
2026-03-11 13:48:58.912 INFO  [d.d.modelo.servicio.ServicioFichaje] - Fichaje - empleado 1001 - Entrada registrada correctamente
2026-03-11 13:49:04.217 INFO  [d.d.controlador.ControladorAdmin] - Busqueda de fichajes: 12 registros encontrados
2026-03-11 13:49:13.817 INFO  [dev.danipraivet.vista.Aplicacion] - Cerrando aplicacion y liberando conexiones...
2026-03-11 13:49:13.818 INFO  [d.d.modelo.datos.GestorConexiones] - Pool cerrado. 2 conexiones liberadas.
2026-03-11 13:51:32.706 INFO  [d.d.modelo.datos.GestorConexiones] - Driver MySQL registrado correctamente
2026-03-11 13:51:32.856 INFO  [d.d.modelo.datos.GestorConexiones] - Conexion a la BD verificada
2026-03-11 13:51:33.190 INFO  [dev.danipraivet.vista.Aplicacion] - Navegando a vista: Login
2026-03-11 13:51:33.477 INFO  [dev.danipraivet.vista.Aplicacion] - Aplicacion iniciada correctamente
2026-03-11 13:53:05.442 INFO  [dev.danipraivet.vista.Aplicacion] - Cerrando aplicacion y liberando conexiones...
2026-03-11 13:53:05.445 INFO  [d.d.modelo.datos.GestorConexiones] - Pool cerrado. 0 conexiones liberadas.
2026-03-11 13:56:23.041 INFO  [d.d.modelo.datos.GestorConexiones] - Driver MySQL registrado correctamente
2026-03-11 13:56:23.192 INFO  [d.d.modelo.datos.GestorConexiones] - Conexion a la BD verificada
2026-03-11 13:56:23.544 INFO  [dev.danipraivet.vista.Aplicacion] - Navegando a vista: Login
2026-03-11 13:56:23.875 INFO  [dev.danipraivet.vista.Aplicacion] - Aplicacion iniciada correctamente
2026-03-11 13:58:40.176 WARN  [d.d.m.r.i.RepositorioEmpleado] - Error registrando login exitoso para 'cgarcia': UPDATE command denied to user 'empleado'@'172.17.0.1' for table 'empleados'
2026-03-11 13:58:40.176 INFO  [d.d.m.servicio.ServicioAutenticacion] - Login exitoso - usuario: 'cgarcia', rol: Administrador
2026-03-11 13:58:40.177 INFO  [d.d.controlador.ControladorLogin] - Redirigiendo a vista para rol: Administrador
2026-03-11 13:58:40.723 INFO  [dev.danipraivet.vista.Aplicacion] - Navegando a vista: Admin
2026-03-11 14:06:55.786 INFO  [d.d.controlador.ControladorAdmin] - Busqueda de fichajes: 12 registros encontrados
2026-03-11 14:31:34.256 INFO  [d.d.modelo.datos.GestorConexiones] - Driver MySQL registrado correctamente
2026-03-11 14:31:34.397 INFO  [d.d.modelo.datos.GestorConexiones] - Conexion a la BD verificada
2026-03-11 14:31:34.732 INFO  [dev.danipraivet.vista.Aplicacion] - Navegando a vista: Login
2026-03-11 14:31:35.018 INFO  [dev.danipraivet.vista.Aplicacion] - Aplicacion iniciada correctamente
2026-03-11 14:31:47.668 WARN  [d.d.m.r.i.RepositorioEmpleado] - Error registrando login exitoso para 'alopez': UPDATE command denied to user 'empleado'@'172.17.0.1' for table 'empleados'
2026-03-11 14:31:47.668 INFO  [d.d.m.servicio.ServicioAutenticacion] - Login exitoso - usuario: 'alopez', rol: Empleado
2026-03-11 14:31:47.669 INFO  [d.d.controlador.ControladorLogin] - Redirigiendo a vista para rol: Empleado
2026-03-11 14:31:48.009 INFO  [dev.danipraivet.vista.Aplicacion] - Navegando a vista: Empleado
2026-03-11 14:31:54.806 INFO  [dev.danipraivet.vista.Aplicacion] - Cerrando aplicacion y liberando conexiones...
2026-03-11 14:31:54.808 INFO  [d.d.modelo.datos.GestorConexiones] - Pool cerrado. 1 conexiones liberadas.
2026-03-11 14:35:38.309 INFO  [d.d.modelo.datos.GestorConexiones] - Driver MySQL registrado correctamente
2026-03-11 14:35:38.460 INFO  [d.d.modelo.datos.GestorConexiones] - Conexion a la BD verificada
2026-03-11 14:35:38.793 INFO  [dev.danipraivet.vista.Aplicacion] - Navegando a vista: Login
2026-03-11 14:35:39.067 INFO  [dev.danipraivet.vista.Aplicacion] - Aplicacion iniciada correctamente
2026-03-11 14:36:09.156 INFO  [dev.danipraivet.vista.Aplicacion] - Cerrando aplicacion y liberando conexiones...
2026-03-11 14:36:09.157 INFO  [d.d.modelo.datos.GestorConexiones] - Pool cerrado. 0 conexiones liberadas.
2026-03-11 14:36:41.182 INFO  [d.d.modelo.datos.GestorConexiones] - Driver MySQL registrado correctamente
2026-03-11 14:36:41.324 INFO  [d.d.modelo.datos.GestorConexiones] - Conexion a la BD verificada
2026-03-11 14:36:41.660 INFO  [dev.danipraivet.vista.Aplicacion] - Navegando a vista: Login
2026-03-11 14:36:41.923 INFO  [dev.danipraivet.vista.Aplicacion] - Aplicacion iniciada correctamente
2026-03-11 14:36:46.637 INFO  [dev.danipraivet.vista.Aplicacion] - Cerrando aplicacion y liberando conexiones...
2026-03-11 14:36:46.638 INFO  [d.d.modelo.datos.GestorConexiones] - Pool cerrado. 0 conexiones liberadas.
2026-03-11 14:44:21.217 INFO  [d.d.modelo.datos.GestorConexiones] - Driver MySQL registrado correctamente
2026-03-11 14:44:21.380 INFO  [d.d.modelo.datos.GestorConexiones] - Conexion a la BD verificada
2026-03-11 14:44:21.743 INFO  [dev.danipraivet.vista.Aplicacion] - Navegando a vista: Login
2026-03-11 14:44:22.033 INFO  [dev.danipraivet.vista.Aplicacion] - Aplicacion iniciada correctamente
2026-03-11 14:44:56.626 WARN  [d.d.m.r.i.RepositorioEmpleado] - Error registrando login exitoso para 'cgarcia': UPDATE command denied to user 'empleado'@'172.17.0.1' for table 'empleados'
2026-03-11 14:44:56.626 INFO  [d.d.m.servicio.ServicioAutenticacion] - Login exitoso - usuario: 'cgarcia', rol: Administrador
2026-03-11 14:44:56.627 INFO  [d.d.controlador.ControladorLogin] - Redirigiendo a vista para rol: Administrador
2026-03-11 14:44:57.218 INFO  [dev.danipraivet.vista.Aplicacion] - Navegando a vista: Admin
2026-03-11 14:45:06.216 INFO  [d.d.m.servicio.ServicioAutenticacion] - Logout - usuario: 'cgarcia'
2026-03-11 14:45:06.279 INFO  [dev.danipraivet.vista.Aplicacion] - Navegando a vista: Login
2026-03-11 14:45:09.060 INFO  [dev.danipraivet.vista.Aplicacion] - Cerrando aplicacion y liberando conexiones...
2026-03-11 14:45:09.064 INFO  [d.d.modelo.datos.GestorConexiones] - Pool cerrado. 2 conexiones liberadas.
